<component name="libraryTable">
  <library name="junit-platform-runner-1.2.0">
    <CLASSES>
      <root url="jar://C:/libraries/junit-platform-runner-1.2.0.jar!/" />
    </CLASSES>
    <JAVADOC />
    <SOURCES />
  </library>
</component>